org.springframework.boot.ApplicationEnvironmentTests:SKIP:NO_CHANGE
org.springframework.boot.BannerTests:EXECUTE:BYTECODE_CHANGE_IN_COVERED_CLASS
org.springframework.boot.BeanDefinitionLoaderTests:SKIP:NO_CHANGE
org.springframework.boot.DefaultApplicationArgumentsTests:SKIP:NO_CHANGE
org.springframework.boot.DefaultBootstrapContextTests:SKIP:NO_CHANGE
org.springframework.boot.DefaultPropertiesPropertySourceTests:SKIP:NO_CHANGE
org.springframework.boot.EnvironmentConverterTests:SKIP:NO_CHANGE
org.springframework.boot.ExitCodeGeneratorsTests:SKIP:NO_CHANGE
org.springframework.boot.LazyInitializationBeanFactoryPostProcessorTests:SKIP:NO_CHANGE
org.springframework.boot.LazyInitializationExcludeFilterTests:SKIP:NO_CHANGE
org.springframework.boot.OverrideSourcesTests:EXECUTE:BYTECODE_CHANGE_IN_COVERED_CLASS
org.springframework.boot.ResourceBannerTests:SKIP:NO_CHANGE
org.springframework.boot.SimpleMainTests:EXECUTE:BYTECODE_CHANGE_IN_COVERED_CLASS
org.springframework.boot.SpringApplicationAotProcessorTests:EXECUTE:BYTECODE_CHANGE_IN_COVERED_CLASS
org.springframework.boot.SpringApplicationBannerPrinterTests:SKIP:NO_CHANGE
org.springframework.boot.SpringApplicationNoWebTests:EXECUTE:BYTECODE_CHANGE_IN_COVERED_CLASS
org.springframework.boot.SpringApplicationNoWebTests:EXECUTE:BYTECODE_CHANGE_IN_COVERED_CLASS
org.springframework.boot.SpringApplicationShutdownHookTests:SKIP:NO_CHANGE
org.springframework.boot.SpringApplicationTests:EXECUTE:BYTECODE_CHANGE_IN_COVERED_CLASS
org.springframework.boot.SpringBootConfigurationTests:SKIP:NO_CHANGE
org.springframework.boot.SpringBootExceptionHandlerTests:SKIP:NO_CHANGE
org.springframework.boot.SpringBootVersionTests:SKIP:NO_CHANGE
org.springframework.boot.StartupInfoLoggerTests:SKIP:NO_CHANGE
org.springframework.boot.admin.SpringApplicationAdminMXBeanRegistrarTests:EXECUTE:BYTECODE_CHANGE_IN_COVERED_CLASS
org.springframework.boot.ansi.Ansi8BitColorTests:SKIP:NO_CHANGE
org.springframework.boot.ansi.AnsiOutputTests:SKIP:NO_CHANGE
org.springframework.boot.ansi.AnsiPropertySourceTests:SKIP:NO_CHANGE
org.springframework.boot.availability.ApplicationAvailabilityBeanTests:SKIP:NO_CHANGE
org.springframework.boot.availability.AvailabilityChangeEventTests:SKIP:NO_CHANGE
org.springframework.boot.builder.SpringApplicationBuilderTests:EXECUTE:BYTECODE_CHANGE_IN_COVERED_CLASS
org.springframework.boot.cloud.CloudPlatformTests:SKIP:NO_CHANGE
org.springframework.boot.cloud.cloudfoundry.CloudFoundryVcapEnvironmentPostProcessorTests:SKIP:NO_CHANGE
org.springframework.boot.context.ApplicationPidFileWriterTests:EXECUTE:BYTECODE_CHANGE_IN_COVERED_CLASS
org.springframework.boot.context.ConfigurationWarningsApplicationContextInitializerTests:SKIP:NO_CHANGE
org.springframework.boot.context.ContextIdApplicationContextInitializerTests:SKIP:NO_CHANGE
org.springframework.boot.context.FileEncodingApplicationListenerTests:EXECUTE:BYTECODE_CHANGE_IN_COVERED_CLASS
org.springframework.boot.context.TypeExcludeFilterTests:SKIP:NO_CHANGE
org.springframework.boot.context.annotation.ConfigurationsTests:SKIP:NO_CHANGE
org.springframework.boot.context.annotation.ImportCandidatesTests:SKIP:NO_CHANGE
org.springframework.boot.context.annotation.UserConfigurationsTests:SKIP:NO_CHANGE
org.springframework.boot.context.config.AnsiOutputApplicationListenerTests:EXECUTE:BYTECODE_CHANGE_IN_COVERED_CLASS
org.springframework.boot.context.config.ConfigDataActivationContextTests:SKIP:NO_CHANGE
org.springframework.boot.context.config.ConfigDataEnvironmentContributorPlaceholdersResolverTests:SKIP:NO_CHANGE
org.springframework.boot.context.config.ConfigDataEnvironmentContributorTests:SKIP:NO_CHANGE
org.springframework.boot.context.config.ConfigDataEnvironmentContributorsTests:SKIP:NO_CHANGE
org.springframework.boot.context.config.ConfigDataEnvironmentPostProcessorBootstrapContextIntegrationTests:EXECUTE:BYTECODE_CHANGE_IN_COVERED_CLASS
org.springframework.boot.context.config.ConfigDataEnvironmentPostProcessorImportCombinedWithProfileSpecificIntegrationTests:EXECUTE:BYTECODE_CHANGE_IN_COVERED_CLASS
org.springframework.boot.context.config.ConfigDataEnvironmentPostProcessorIntegrationTests:EXECUTE:BYTECODE_CHANGE_IN_COVERED_CLASS
org.springframework.boot.context.config.ConfigDataEnvironmentPostProcessorTests:EXECUTE:BYTECODE_CHANGE_IN_COVERED_CLASS
org.springframework.boot.context.config.ConfigDataEnvironmentTests:SKIP:NO_CHANGE
org.springframework.boot.context.config.ConfigDataImporterTests:SKIP:NO_CHANGE
org.springframework.boot.context.config.ConfigDataLoaderTests:SKIP:NO_CHANGE
org.springframework.boot.context.config.ConfigDataLoadersTests:SKIP:NO_CHANGE
org.springframework.boot.context.config.ConfigDataLocationBindHandlerTests:SKIP:NO_CHANGE
org.springframework.boot.context.config.ConfigDataLocationNotFoundExceptionTests:SKIP:NO_CHANGE
org.springframework.boot.context.config.ConfigDataLocationResolverTests:SKIP:NO_CHANGE
org.springframework.boot.context.config.ConfigDataLocationResolversTests:SKIP:NO_CHANGE
org.springframework.boot.context.config.ConfigDataLocationRuntimeHintsTests:SKIP:NO_CHANGE
org.springframework.boot.context.config.ConfigDataLocationTests:SKIP:NO_CHANGE
org.springframework.boot.context.config.ConfigDataNotFoundFailureAnalyzerTests:SKIP:NO_CHANGE
org.springframework.boot.context.config.ConfigDataPropertiesRuntimeHintsTests:SKIP:NO_CHANGE
org.springframework.boot.context.config.ConfigDataPropertiesTests:SKIP:NO_CHANGE
org.springframework.boot.context.config.ConfigDataResourceNotFoundExceptionTests:SKIP:NO_CHANGE
org.springframework.boot.context.config.ConfigDataTests:SKIP:NO_CHANGE
org.springframework.boot.context.config.ConfigTreeConfigDataLoaderTests:SKIP:NO_CHANGE
org.springframework.boot.context.config.ConfigTreeConfigDataLocationResolverTests:SKIP:NO_CHANGE
org.springframework.boot.context.config.ConfigTreeConfigDataResourceTests:SKIP:NO_CHANGE
org.springframework.boot.context.config.DelegatingApplicationContextInitializerTests:SKIP:NO_CHANGE
org.springframework.boot.context.config.DelegatingApplicationListenerTests:EXECUTE:BYTECODE_CHANGE_IN_COVERED_CLASS
org.springframework.boot.context.config.InactiveConfigDataAccessExceptionTests:SKIP:NO_CHANGE
org.springframework.boot.context.config.InvalidConfigDataPropertyExceptionTests:SKIP:NO_CHANGE
org.springframework.boot.context.config.LocationResourceLoaderTests:SKIP:NO_CHANGE
org.springframework.boot.context.config.ProfilesTests:SKIP:NO_CHANGE
org.springframework.boot.context.config.StandardConfigDataLoaderTests:SKIP:NO_CHANGE
org.springframework.boot.context.config.StandardConfigDataLocationResolverTests:SKIP:NO_CHANGE
org.springframework.boot.context.config.StandardConfigDataResourceTests:SKIP:NO_CHANGE
org.springframework.boot.context.config.UnsupportedConfigDataLocationExceptionTests:SKIP:NO_CHANGE
org.springframework.boot.context.event.EventPublishingRunListenerTests:EXECUTE:BYTECODE_CHANGE_IN_COVERED_CLASS
org.springframework.boot.context.logging.LoggingApplicationListenerIntegrationTests:EXECUTE:BYTECODE_CHANGE_IN_COVERED_CLASS
org.springframework.boot.context.logging.LoggingApplicationListenerTests:EXECUTE:BYTECODE_CHANGE_IN_COVERED_CLASS
org.springframework.boot.context.logging.LoggingApplicationListenerTests:EXECUTE:BYTECODE_CHANGE_IN_COVERED_CLASS
org.springframework.boot.context.logging.LoggingApplicationListenerTests:EXECUTE:BYTECODE_CHANGE_IN_COVERED_CLASS
org.springframework.boot.context.metrics.buffering.BufferingApplicationStartupTests:SKIP:NO_CHANGE
org.springframework.boot.context.properties.ConfigurationPropertiesBeanFactoryInitializationAotProcessorTests:SKIP:NO_CHANGE
org.springframework.boot.context.properties.ConfigurationPropertiesBeanRegistrarTests:SKIP:NO_CHANGE
org.springframework.boot.context.properties.ConfigurationPropertiesBeanRegistrationAotProcessorTests:SKIP:NO_CHANGE
org.springframework.boot.context.properties.ConfigurationPropertiesBeanTests:SKIP:NO_CHANGE
org.springframework.boot.context.properties.ConfigurationPropertiesBindExceptionTests:SKIP:NO_CHANGE
org.springframework.boot.context.properties.ConfigurationPropertiesBindHandlerAdvisorTests:SKIP:NO_CHANGE
org.springframework.boot.context.properties.ConfigurationPropertiesScanRegistrarTests:SKIP:NO_CHANGE
org.springframework.boot.context.properties.ConfigurationPropertiesScanTests:SKIP:NO_CHANGE
org.springframework.boot.context.properties.ConfigurationPropertiesTests:EXECUTE:BYTECODE_CHANGE_IN_COVERED_CLASS
org.springframework.boot.context.properties.ConversionServiceDeducerTests:SKIP:NO_CHANGE
org.springframework.boot.context.properties.EnableConfigurationPropertiesRegistrarTests:SKIP:NO_CHANGE
org.springframework.boot.context.properties.IncompatibleConfigurationFailureAnalyzerTests:SKIP:NO_CHANGE
org.springframework.boot.context.properties.NotConstructorBoundInjectionFailureAnalyzerTests:SKIP:NO_CHANGE
org.springframework.boot.context.properties.PropertyMapperTests:SKIP:NO_CHANGE
org.springframework.boot.context.properties.PropertySourcesDeducerTests:SKIP:NO_CHANGE
org.springframework.boot.context.properties.bind.ArrayBinderTests:SKIP:NO_CHANGE
org.springframework.boot.context.properties.bind.BackCompatibilityBinderIntegrationTests:SKIP:NO_CHANGE
org.springframework.boot.context.properties.bind.BindConverterTests:SKIP:NO_CHANGE
org.springframework.boot.context.properties.bind.BindResultTests:SKIP:NO_CHANGE
org.springframework.boot.context.properties.bind.BindableRuntimeHintsRegistrarTests:SKIP:NO_CHANGE
org.springframework.boot.context.properties.bind.BindableTests:SKIP:NO_CHANGE
org.springframework.boot.context.properties.bind.BinderTests:SKIP:NO_CHANGE
org.springframework.boot.context.properties.bind.BoundPropertiesTrackingBindHandlerTests:SKIP:NO_CHANGE
org.springframework.boot.context.properties.bind.CollectionBinderTests:SKIP:NO_CHANGE
org.springframework.boot.context.properties.bind.DataObjectPropertyNameTests:SKIP:NO_CHANGE
org.springframework.boot.context.properties.bind.DefaultBindConstructorProviderTests:SKIP:NO_CHANGE
org.springframework.boot.context.properties.bind.JavaBeanBinderTests:SKIP:NO_CHANGE
org.springframework.boot.context.properties.bind.MapBinderTests:SKIP:NO_CHANGE
org.springframework.boot.context.properties.bind.PropertySourcesPlaceholdersResolverTests:SKIP:NO_CHANGE
org.springframework.boot.context.properties.bind.ValueObjectBinderTests:SKIP:NO_CHANGE
org.springframework.boot.context.properties.bind.handler.IgnoreErrorsBindHandlerTests:SKIP:NO_CHANGE
org.springframework.boot.context.properties.bind.handler.IgnoreTopLevelConverterNotFoundBindHandlerTests:SKIP:NO_CHANGE
org.springframework.boot.context.properties.bind.handler.NoUnboundElementsBindHandlerTests:SKIP:NO_CHANGE
org.springframework.boot.context.properties.bind.test.PackagePrivateBeanBindingTests:SKIP:NO_CHANGE
org.springframework.boot.context.properties.bind.validation.BindValidationExceptionTests:SKIP:NO_CHANGE
org.springframework.boot.context.properties.bind.validation.OriginTrackedFieldErrorTests:SKIP:NO_CHANGE
org.springframework.boot.context.properties.bind.validation.ValidationBindHandlerTests:SKIP:NO_CHANGE
org.springframework.boot.context.properties.bind.validation.ValidationErrorsTests:SKIP:NO_CHANGE
org.springframework.boot.context.properties.source.AliasedConfigurationPropertySourceTests:SKIP:NO_CHANGE
org.springframework.boot.context.properties.source.AliasedIterableConfigurationPropertySourceTests:SKIP:NO_CHANGE
org.springframework.boot.context.properties.source.CachingConfigurationPropertySourceTests:SKIP:NO_CHANGE
org.springframework.boot.context.properties.source.ConfigurationPropertyCachingTests:SKIP:NO_CHANGE
org.springframework.boot.context.properties.source.ConfigurationPropertyNameAliasesTests:SKIP:NO_CHANGE
org.springframework.boot.context.properties.source.ConfigurationPropertyNameTests:SKIP:NO_CHANGE
org.springframework.boot.context.properties.source.ConfigurationPropertySourceTests:SKIP:NO_CHANGE
org.springframework.boot.context.properties.source.ConfigurationPropertySourcesCachingTests:SKIP:NO_CHANGE
org.springframework.boot.context.properties.source.ConfigurationPropertySourcesPropertyResolverTests:SKIP:NO_CHANGE
org.springframework.boot.context.properties.source.ConfigurationPropertySourcesPropertySourceTests:SKIP:NO_CHANGE
org.springframework.boot.context.properties.source.ConfigurationPropertySourcesTests:SKIP:NO_CHANGE
org.springframework.boot.context.properties.source.ConfigurationPropertyStateTests:SKIP:NO_CHANGE
org.springframework.boot.context.properties.source.ConfigurationPropertyTests:SKIP:NO_CHANGE
org.springframework.boot.context.properties.source.DefaultPropertyMapperTests:SKIP:NO_CHANGE
org.springframework.boot.context.properties.source.FilteredConfigurationPropertiesSourceTests:SKIP:NO_CHANGE
org.springframework.boot.context.properties.source.FilteredIterableConfigurationPropertiesSourceTests:SKIP:NO_CHANGE
org.springframework.boot.context.properties.source.MapConfigurationPropertySourceTests:SKIP:NO_CHANGE
org.springframework.boot.context.properties.source.MutuallyExclusiveConfigurationPropertiesExceptionTests:SKIP:NO_CHANGE
org.springframework.boot.context.properties.source.PrefixedConfigurationPropertySourceTests:SKIP:NO_CHANGE
org.springframework.boot.context.properties.source.PrefixedIterableConfigurationPropertySourceTests:SKIP:NO_CHANGE
org.springframework.boot.context.properties.source.SoftReferenceConfigurationPropertyCacheTests:SKIP:NO_CHANGE
org.springframework.boot.context.properties.source.SpringConfigurationPropertySourceTests:SKIP:NO_CHANGE
org.springframework.boot.context.properties.source.SpringConfigurationPropertySourcesTests:SKIP:NO_CHANGE
org.springframework.boot.context.properties.source.SpringIterableConfigurationPropertySourceTests:SKIP:NO_CHANGE
org.springframework.boot.context.properties.source.SystemEnvironmentPropertyMapperTests:SKIP:NO_CHANGE
org.springframework.boot.context.properties.source.UnboundElementsSourceFilterTests:SKIP:NO_CHANGE
org.springframework.boot.convert.ApplicationConversionServiceTests:SKIP:NO_CHANGE
org.springframework.boot.convert.ArrayToDelimitedStringConverterTests:SKIP:NO_CHANGE
org.springframework.boot.convert.CharArrayFormatterTests:SKIP:NO_CHANGE
org.springframework.boot.convert.CharSequenceToObjectConverterTests:SKIP:NO_CHANGE
org.springframework.boot.convert.CollectionToDelimitedStringConverterTests:SKIP:NO_CHANGE
org.springframework.boot.convert.DelimitedStringToArrayConverterTests:SKIP:NO_CHANGE
org.springframework.boot.convert.DelimitedStringToCollectionConverterTests:SKIP:NO_CHANGE
org.springframework.boot.convert.DurationStyleTests:SKIP:NO_CHANGE
org.springframework.boot.convert.DurationToNumberConverterTests:SKIP:NO_CHANGE
org.springframework.boot.convert.DurationToStringConverterTests:SKIP:NO_CHANGE
org.springframework.boot.convert.InetAddressFormatterTests:SKIP:NO_CHANGE
org.springframework.boot.convert.InputStreamSourceToByteArrayConverterTests:SKIP:NO_CHANGE
org.springframework.boot.convert.IsoOffsetFormatterTests:SKIP:NO_CHANGE
org.springframework.boot.convert.LenientBooleanToEnumConverterFactoryTests:SKIP:NO_CHANGE
org.springframework.boot.convert.LenientStringToEnumConverterFactoryTests:SKIP:NO_CHANGE
org.springframework.boot.convert.NumberToDataSizeConverterTests:SKIP:NO_CHANGE
org.springframework.boot.convert.NumberToDurationConverterTests:SKIP:NO_CHANGE
org.springframework.boot.convert.NumberToPeriodConverterTests:SKIP:NO_CHANGE
org.springframework.boot.convert.PeriodStyleTests:SKIP:NO_CHANGE
org.springframework.boot.convert.PeriodToStringConverterTests:SKIP:NO_CHANGE
org.springframework.boot.convert.StringToDataSizeConverterTests:SKIP:NO_CHANGE
org.springframework.boot.convert.StringToDurationConverterTests:SKIP:NO_CHANGE
org.springframework.boot.convert.StringToFileConverterTests:SKIP:NO_CHANGE
org.springframework.boot.convert.StringToPeriodConverterTests:SKIP:NO_CHANGE
org.springframework.boot.diagnostics.AbstractFailureAnalyzerTests:SKIP:NO_CHANGE
org.springframework.boot.diagnostics.FailureAnalyzersIntegrationTests:EXECUTE:BYTECODE_CHANGE_IN_COVERED_CLASS
org.springframework.boot.diagnostics.FailureAnalyzersTests:SKIP:NO_CHANGE
org.springframework.boot.diagnostics.analyzer.BeanCurrentlyInCreationFailureAnalyzerTests:SKIP:NO_CHANGE
org.springframework.boot.diagnostics.analyzer.BeanDefinitionOverrideFailureAnalyzerTests:SKIP:NO_CHANGE
org.springframework.boot.diagnostics.analyzer.BeanNotOfRequiredTypeFailureAnalyzerTests:SKIP:NO_CHANGE
org.springframework.boot.diagnostics.analyzer.BindFailureAnalyzerTests:SKIP:NO_CHANGE
org.springframework.boot.diagnostics.analyzer.BindValidationFailureAnalyzerTests:SKIP:NO_CHANGE
org.springframework.boot.diagnostics.analyzer.InvalidConfigurationPropertyNameFailureAnalyzerTests:SKIP:NO_CHANGE
org.springframework.boot.diagnostics.analyzer.InvalidConfigurationPropertyValueFailureAnalyzerTests:SKIP:NO_CHANGE
org.springframework.boot.diagnostics.analyzer.JakartaApiValidationExceptionFailureAnalyzerTests:SKIP:NO_CHANGE
org.springframework.boot.diagnostics.analyzer.MissingParameterNamesFailureAnalyzerTests:SKIP:NO_CHANGE
org.springframework.boot.diagnostics.analyzer.MutuallyExclusiveConfigurationPropertiesFailureAnalyzerTests:SKIP:NO_CHANGE
org.springframework.boot.diagnostics.analyzer.NoSuchMethodFailureAnalyzerTests:SKIP:NO_CHANGE
org.springframework.boot.diagnostics.analyzer.NoUniqueBeanDefinitionFailureAnalyzerTests:SKIP:NO_CHANGE
org.springframework.boot.diagnostics.analyzer.PatternParseFailureAnalyzerTests:SKIP:NO_CHANGE
org.springframework.boot.diagnostics.analyzer.UnboundConfigurationPropertyFailureAnalyzerTests:SKIP:NO_CHANGE
org.springframework.boot.env.ConfigTreePropertySourceTests:SKIP:NO_CHANGE
org.springframework.boot.env.EnvironmentPostProcessorApplicationListenerTests:SKIP:NO_CHANGE
org.springframework.boot.env.EnvironmentPostProcessorsFactoryTests:SKIP:NO_CHANGE
org.springframework.boot.env.NoSnakeYamlPropertySourceLoaderTests:SKIP:NO_CHANGE
org.springframework.boot.env.OriginTrackedMapPropertySourceTests:SKIP:NO_CHANGE
org.springframework.boot.env.OriginTrackedPropertiesLoaderTests:SKIP:NO_CHANGE
org.springframework.boot.env.OriginTrackedYamlLoaderTests:SKIP:NO_CHANGE
org.springframework.boot.env.PropertiesPropertySourceLoaderTests:SKIP:NO_CHANGE
org.springframework.boot.env.RandomValuePropertySourceEnvironmentPostProcessorTests:SKIP:NO_CHANGE
org.springframework.boot.env.RandomValuePropertySourceTests:SKIP:NO_CHANGE
org.springframework.boot.env.ReflectionEnvironmentPostProcessorsFactoryTests:SKIP:NO_CHANGE
org.springframework.boot.env.SpringApplicationJsonEnvironmentPostProcessorTests:SKIP:NO_CHANGE
org.springframework.boot.env.SystemEnvironmentPropertySourceEnvironmentPostProcessorTests:EXECUTE:BYTECODE_CHANGE_IN_COVERED_CLASS
org.springframework.boot.env.YamlPropertySourceLoaderTests:SKIP:NO_CHANGE
org.springframework.boot.info.BuildPropertiesTests:SKIP:NO_CHANGE
org.springframework.boot.info.GitPropertiesTests:SKIP:NO_CHANGE
org.springframework.boot.info.InfoPropertiesTests:SKIP:NO_CHANGE
org.springframework.boot.info.JavaInfoTests:SKIP:NO_CHANGE
org.springframework.boot.info.OsInfoTests:SKIP:NO_CHANGE
org.springframework.boot.jackson.JsonComponentModuleTests:SKIP:NO_CHANGE
org.springframework.boot.jackson.JsonMixinModuleEntriesBeanRegistrationAotProcessorTests:SKIP:NO_CHANGE
org.springframework.boot.jackson.JsonMixinModuleTests:SKIP:NO_CHANGE
org.springframework.boot.jackson.JsonObjectDeserializerTests:SKIP:NO_CHANGE
org.springframework.boot.jackson.JsonObjectSerializerTests:SKIP:NO_CHANGE
org.springframework.boot.jdbc.DataSourceBuilderNoHikariTests:SKIP:NO_CHANGE
org.springframework.boot.jdbc.DataSourceBuilderRuntimeHintsTests:SKIP:NO_CHANGE
org.springframework.boot.jdbc.DataSourceBuilderTests:SKIP:NO_CHANGE
org.springframework.boot.jdbc.DataSourceUnwrapperNoSpringJdbcTests:SKIP:NO_CHANGE
org.springframework.boot.jdbc.DataSourceUnwrapperTests:SKIP:NO_CHANGE
org.springframework.boot.jdbc.DatabaseDriverClassNameTests:SKIP:NO_CHANGE
org.springframework.boot.jdbc.DatabaseDriverTests:SKIP:NO_CHANGE
org.springframework.boot.jdbc.EmbeddedDatabaseConnectionTests:SKIP:NO_CHANGE
org.springframework.boot.jdbc.HikariCheckpointRestoreLifecycleTests:SKIP:NO_CHANGE
org.springframework.boot.jdbc.init.DataSourceScriptDatabaseInitializerTests:SKIP:NO_CHANGE
org.springframework.boot.jdbc.init.PlatformPlaceholderDatabaseDriverResolverTests:SKIP:NO_CHANGE
org.springframework.boot.jdbc.metadata.CommonsDbcp2DataSourcePoolMetadataTests:SKIP:NO_CHANGE
org.springframework.boot.jdbc.metadata.CompositeDataSourcePoolMetadataProviderTests:SKIP:NO_CHANGE
org.springframework.boot.jdbc.metadata.HikariDataSourcePoolMetadataTests:SKIP:NO_CHANGE
org.springframework.boot.jdbc.metadata.OracleUcpDataSourcePoolMetadataTests:SKIP:NO_CHANGE
org.springframework.boot.jdbc.metadata.TomcatDataSourcePoolMetadataTests:SKIP:NO_CHANGE
org.springframework.boot.json.BasicJsonParserTests:SKIP:NO_CHANGE
org.springframework.boot.json.GsonJsonParserTests:SKIP:NO_CHANGE
org.springframework.boot.json.JacksonJsonParserTests:SKIP:NO_CHANGE
org.springframework.boot.json.JacksonRuntimeHintsTests:SKIP:NO_CHANGE
org.springframework.boot.liquibase.LiquibaseChangelogMissingFailureAnalyzerTests:SKIP:NO_CHANGE
org.springframework.boot.logging.CorrelationIdFormatterTests:SKIP:NO_CHANGE
org.springframework.boot.logging.DeferredLogFactoryTests:SKIP:NO_CHANGE
org.springframework.boot.logging.DeferredLogTests:SKIP:NO_CHANGE
org.springframework.boot.logging.DeferredLogsTests:SKIP:NO_CHANGE
org.springframework.boot.logging.DelegatingLoggingSystemFactoryTests:SKIP:NO_CHANGE
org.springframework.boot.logging.LogFileTests:SKIP:NO_CHANGE
org.springframework.boot.logging.LogLevelTests:SKIP:NO_CHANGE
org.springframework.boot.logging.LogbackAndLog4J2ExcludedLoggingSystemTests:SKIP:NO_CHANGE
org.springframework.boot.logging.LoggerConfigurationComparatorTests:SKIP:NO_CHANGE
org.springframework.boot.logging.LoggerConfigurationTests:SKIP:NO_CHANGE
org.springframework.boot.logging.LoggerGroupsTests:SKIP:NO_CHANGE
org.springframework.boot.logging.LoggingSystemPropertiesTests:SKIP:NO_CHANGE
org.springframework.boot.logging.LoggingSystemTests:SKIP:NO_CHANGE
org.springframework.boot.logging.java.JavaLoggingSystemTests:SKIP:NO_CHANGE
org.springframework.boot.logging.log4j2.ColorConverterTests:SKIP:NO_CHANGE
org.springframework.boot.logging.log4j2.CorrelationIdConverterTests:SKIP:NO_CHANGE
org.springframework.boot.logging.log4j2.ExtendedWhitespaceThrowablePatternConverterTests:SKIP:NO_CHANGE
org.springframework.boot.logging.log4j2.Log4J2LoggingSystemTests:SKIP:NO_CHANGE
org.springframework.boot.logging.log4j2.Log4j2FileXmlTests:SKIP:NO_CHANGE
org.springframework.boot.logging.log4j2.Log4j2XmlTests:SKIP:NO_CHANGE
org.springframework.boot.logging.log4j2.SpringBootPropertySourceTests:SKIP:NO_CHANGE
org.springframework.boot.logging.log4j2.SpringEnvironmentLookupTests:SKIP:NO_CHANGE
org.springframework.boot.logging.log4j2.SpringEnvironmentPropertySourceTests:SKIP:NO_CHANGE
org.springframework.boot.logging.log4j2.SpringProfileArbiterTests:SKIP:NO_CHANGE
org.springframework.boot.logging.log4j2.WhitespaceThrowablePatternConverterTests:SKIP:NO_CHANGE
org.springframework.boot.logging.logback.ColorConverterTests:SKIP:NO_CHANGE
org.springframework.boot.logging.logback.CorrelationIdConverterTests:SKIP:NO_CHANGE
org.springframework.boot.logging.logback.ExtendedWhitespaceThrowableProxyConverterTests:SKIP:NO_CHANGE
org.springframework.boot.logging.logback.LogbackConfigurationAotContributionTests:SKIP:NO_CHANGE
org.springframework.boot.logging.logback.LogbackConfigurationTests:SKIP:NO_CHANGE
org.springframework.boot.logging.logback.LogbackLoggingSystemParallelInitializationTests:SKIP:NO_CHANGE
org.springframework.boot.logging.logback.LogbackLoggingSystemPropertiesTests:SKIP:NO_CHANGE
org.springframework.boot.logging.logback.LogbackLoggingSystemTests:SKIP:NO_CHANGE
org.springframework.boot.logging.logback.LogbackRuntimeHintsTests:SKIP:NO_CHANGE
org.springframework.boot.logging.logback.RootLogLevelConfiguratorTests:SKIP:NO_CHANGE
org.springframework.boot.logging.logback.SpringBootJoranConfiguratorTests:SKIP:NO_CHANGE
org.springframework.boot.logging.logback.SpringProfileModelHandlerTests:SKIP:NO_CHANGE
org.springframework.boot.logging.logback.WhitespaceThrowableProxyConverterTests:SKIP:NO_CHANGE
org.springframework.boot.origin.JarUriTests:SKIP:NO_CHANGE
org.springframework.boot.origin.OriginLookupTests:SKIP:NO_CHANGE
org.springframework.boot.origin.OriginTests:SKIP:NO_CHANGE
org.springframework.boot.origin.OriginTrackedResourceTests:SKIP:NO_CHANGE
org.springframework.boot.origin.OriginTrackedValueTests:SKIP:NO_CHANGE
org.springframework.boot.origin.PropertySourceOriginTests:SKIP:NO_CHANGE
org.springframework.boot.origin.SystemEnvironmentOriginTests:SKIP:NO_CHANGE
org.springframework.boot.origin.TextResourceOriginTests:SKIP:NO_CHANGE
org.springframework.boot.r2dbc.ConnectionFactoryBuilderTests:SKIP:NO_CHANGE
org.springframework.boot.r2dbc.EmbeddedDatabaseConnectionTests:SKIP:NO_CHANGE
org.springframework.boot.r2dbc.init.R2dbcScriptDatabaseInitializerTests:SKIP:NO_CHANGE
org.springframework.boot.rsocket.context.RSocketPortInfoApplicationContextInitializerTests:SKIP:NO_CHANGE
org.springframework.boot.rsocket.netty.NettyRSocketServerFactoryTests:SKIP:NO_CHANGE
org.springframework.boot.security.reactive.ApplicationContextServerWebExchangeMatcherTests:SKIP:NO_CHANGE
org.springframework.boot.security.servlet.ApplicationContextRequestMatcherTests:SKIP:NO_CHANGE
org.springframework.boot.sql.init.dependency.DatabaseInitializationDependencyConfigurerTests:SKIP:NO_CHANGE
org.springframework.boot.ssl.AliasKeyManagerFactoryTests:SKIP:NO_CHANGE
org.springframework.boot.ssl.DefaultSslBundleRegistryTests:SKIP:NO_CHANGE
org.springframework.boot.ssl.DefaultSslManagerBundleTests:SKIP:NO_CHANGE
org.springframework.boot.ssl.NoSuchSslBundleExceptionTests:SKIP:NO_CHANGE
org.springframework.boot.ssl.SslBundleKeyTests:SKIP:NO_CHANGE
org.springframework.boot.ssl.SslBundleTests:SKIP:NO_CHANGE
org.springframework.boot.ssl.SslManagerBundleTests:SKIP:NO_CHANGE
org.springframework.boot.ssl.SslOptionsTests:SKIP:NO_CHANGE
org.springframework.boot.ssl.SslStoreBundleTests:SKIP:NO_CHANGE
org.springframework.boot.ssl.jks.JksSslStoreBundleTests:SKIP:NO_CHANGE
org.springframework.boot.ssl.pem.LoadedPemSslStoreTests:SKIP:NO_CHANGE
org.springframework.boot.ssl.pem.PemCertificateParserTests:SKIP:NO_CHANGE
org.springframework.boot.ssl.pem.PemContentTests:SKIP:NO_CHANGE
org.springframework.boot.ssl.pem.PemPrivateKeyParserTests:SKIP:NO_CHANGE
org.springframework.boot.ssl.pem.PemSslStoreBundleTests:SKIP:NO_CHANGE
org.springframework.boot.ssl.pem.PemSslStoreTests:SKIP:NO_CHANGE
org.springframework.boot.system.ApplicationHomeTests:SKIP:NO_CHANGE
org.springframework.boot.system.ApplicationPidTests:SKIP:NO_CHANGE
org.springframework.boot.system.ApplicationTempTests:SKIP:NO_CHANGE
org.springframework.boot.system.JavaVersionTests:SKIP:NO_CHANGE
org.springframework.boot.task.SimpleAsyncTaskExecutorBuilderTests:SKIP:NO_CHANGE
org.springframework.boot.task.SimpleAsyncTaskSchedulerBuilderTests:SKIP:NO_CHANGE
org.springframework.boot.task.TaskExecutorBuilderTests:SKIP:NO_CHANGE
org.springframework.boot.task.TaskSchedulerBuilderTests:SKIP:NO_CHANGE
org.springframework.boot.task.ThreadPoolTaskExecutorBuilderTests:SKIP:NO_CHANGE
org.springframework.boot.task.ThreadPoolTaskSchedulerBuilderTests:SKIP:NO_CHANGE
org.springframework.boot.type.classreading.ConcurrentReferenceCachingMetadataReaderFactoryTests:SKIP:NO_CHANGE
org.springframework.boot.util.InstantiatorTests:SKIP:NO_CHANGE
org.springframework.boot.util.LambdaSafeTests:SKIP:NO_CHANGE
org.springframework.boot.validation.MessageInterpolatorFactoryTests:SKIP:NO_CHANGE
org.springframework.boot.validation.MessageInterpolatorFactoryWithoutElIntegrationTests:SKIP:NO_CHANGE
org.springframework.boot.validation.MessageSourceMessageInterpolatorIntegrationTests:SKIP:NO_CHANGE
org.springframework.boot.validation.MessageSourceMessageInterpolatorTests:SKIP:NO_CHANGE
org.springframework.boot.validation.beanvalidation.MethodValidationExcludeFilterTests:SKIP:NO_CHANGE
org.springframework.boot.web.client.ClientHttpRequestFactoriesHttpComponentsTests:SKIP:NO_CHANGE
org.springframework.boot.web.client.ClientHttpRequestFactoriesJettyTests:SKIP:NO_CHANGE
org.springframework.boot.web.client.ClientHttpRequestFactoriesOkHttp3Tests:SKIP:NO_CHANGE
org.springframework.boot.web.client.ClientHttpRequestFactoriesOkHttp4Tests:SKIP:NO_CHANGE
org.springframework.boot.web.client.ClientHttpRequestFactoriesRuntimeHintsTests:SKIP:NO_CHANGE
org.springframework.boot.web.client.ClientHttpRequestFactoriesSimpleTests:SKIP:NO_CHANGE
org.springframework.boot.web.client.ClientHttpRequestFactoriesTests:SKIP:NO_CHANGE
org.springframework.boot.web.client.ClientHttpRequestFactorySettingsTests:SKIP:NO_CHANGE
org.springframework.boot.web.client.RestTemplateBuilderClientHttpRequestInitializerTests:SKIP:NO_CHANGE
org.springframework.boot.web.client.RestTemplateBuilderTests:SKIP:NO_CHANGE
org.springframework.boot.web.client.RootUriTemplateHandlerTests:SKIP:NO_CHANGE
org.springframework.boot.web.context.MissingWebServerFactoryBeanFailureAnalyzerTests:SKIP:NO_CHANGE
org.springframework.boot.web.context.WebServerApplicationContextTests:SKIP:NO_CHANGE
org.springframework.boot.web.context.WebServerPortFileWriterTests:SKIP:NO_CHANGE
org.springframework.boot.web.embedded.jetty.JettyReactiveWebServerFactoryTests:SKIP:NO_CHANGE
org.springframework.boot.web.embedded.jetty.JettyServletWebServerFactoryTests:SKIP:NO_CHANGE
org.springframework.boot.web.embedded.jetty.SslServerCustomizerTests:SKIP:NO_CHANGE
org.springframework.boot.web.embedded.netty.NettyReactiveWebServerFactoryTests:SKIP:NO_CHANGE
org.springframework.boot.web.embedded.tomcat.CompressionConnectorCustomizerTests:SKIP:NO_CHANGE
org.springframework.boot.web.embedded.tomcat.SslConnectorCustomizerTests:SKIP:NO_CHANGE
org.springframework.boot.web.embedded.tomcat.TldPatternsTests:SKIP:NO_CHANGE
org.springframework.boot.web.embedded.tomcat.TomcatEmbeddedWebappClassLoaderTests:SKIP:NO_CHANGE
org.springframework.boot.web.embedded.tomcat.TomcatReactiveWebServerFactoryTests:SKIP:NO_CHANGE
org.springframework.boot.web.embedded.tomcat.TomcatServletWebServerFactoryTests:SKIP:NO_CHANGE
org.springframework.boot.web.embedded.undertow.FileSessionPersistenceTests:SKIP:NO_CHANGE
org.springframework.boot.web.embedded.undertow.JarResourceManagerTests:SKIP:NO_CHANGE
org.springframework.boot.web.embedded.undertow.UndertowReactiveWebServerFactoryTests:SKIP:NO_CHANGE
org.springframework.boot.web.embedded.undertow.UndertowServletWebServerFactoryTests:SKIP:NO_CHANGE
org.springframework.boot.web.embedded.undertow.UndertowWebServerRuntimeHintsTests:SKIP:NO_CHANGE
org.springframework.boot.web.reactive.context.AnnotationConfigReactiveWebServerApplicationContextTests:SKIP:NO_CHANGE
org.springframework.boot.web.reactive.context.ApplicationReactiveWebEnvironmentTests:SKIP:NO_CHANGE
org.springframework.boot.web.reactive.context.GenericReactiveWebApplicationContextTests:SKIP:NO_CHANGE
org.springframework.boot.web.reactive.context.ReactiveWebServerApplicationContextTests:SKIP:NO_CHANGE
org.springframework.boot.web.reactive.error.DefaultErrorAttributesTests:SKIP:NO_CHANGE
org.springframework.boot.web.reactive.result.view.MustacheViewResolverTests:SKIP:NO_CHANGE
org.springframework.boot.web.reactive.result.view.MustacheViewTests:SKIP:NO_CHANGE
org.springframework.boot.web.server.CompressionTests:SKIP:NO_CHANGE
org.springframework.boot.web.server.MimeMappingsTests:SKIP:NO_CHANGE
org.springframework.boot.web.server.WebServerFactoryCustomizerBeanPostProcessorTests:SKIP:NO_CHANGE
org.springframework.boot.web.server.WebServerSslBundleTests:SKIP:NO_CHANGE
org.springframework.boot.web.servlet.DelegatingFilterProxyRegistrationBeanTests:SKIP:NO_CHANGE
org.springframework.boot.web.servlet.DynamicRegistrationBeanTests:SKIP:NO_CHANGE
org.springframework.boot.web.servlet.FilterRegistrationBeanTests:SKIP:NO_CHANGE
org.springframework.boot.web.servlet.FilterRegistrationIntegrationTests:SKIP:NO_CHANGE
org.springframework.boot.web.servlet.MultipartConfigFactoryTests:SKIP:NO_CHANGE
org.springframework.boot.web.servlet.NoSpringWebFilterRegistrationBeanTests:SKIP:NO_CHANGE
org.springframework.boot.web.servlet.ServletComponentScanIntegrationTests:SKIP:NO_CHANGE
org.springframework.boot.web.servlet.ServletComponentScanRegistrarTests:SKIP:NO_CHANGE
org.springframework.boot.web.servlet.ServletContextInitializerBeansTests:SKIP:NO_CHANGE
org.springframework.boot.web.servlet.ServletListenerRegistrationBeanTests:SKIP:NO_CHANGE
org.springframework.boot.web.servlet.ServletRegistrationBeanTests:SKIP:NO_CHANGE
org.springframework.boot.web.servlet.WebFilterHandlerTests:SKIP:NO_CHANGE
org.springframework.boot.web.servlet.WebListenerHandlerTests:SKIP:NO_CHANGE
org.springframework.boot.web.servlet.WebServletHandlerTests:SKIP:NO_CHANGE
org.springframework.boot.web.servlet.context.AnnotationConfigServletWebServerApplicationContextTests:SKIP:NO_CHANGE
org.springframework.boot.web.servlet.context.ApplicationServletEnvironmentTests:SKIP:NO_CHANGE
org.springframework.boot.web.servlet.context.ServletWebServerApplicationContextTests:SKIP:NO_CHANGE
org.springframework.boot.web.servlet.context.ServletWebServerMvcIntegrationTests:SKIP:NO_CHANGE
org.springframework.boot.web.servlet.context.XmlServletWebServerApplicationContextTests:SKIP:NO_CHANGE
org.springframework.boot.web.servlet.error.DefaultErrorAttributesTests:SKIP:NO_CHANGE
org.springframework.boot.web.servlet.error.ErrorAttributesOptionsTests:SKIP:NO_CHANGE
org.springframework.boot.web.servlet.server.CookieSameSiteSupplierTests:SKIP:NO_CHANGE
org.springframework.boot.web.servlet.server.DocumentRootTests:SKIP:NO_CHANGE
org.springframework.boot.web.servlet.server.SessionTests:SKIP:NO_CHANGE
org.springframework.boot.web.servlet.server.StaticResourceJarsTests:SKIP:NO_CHANGE
org.springframework.boot.web.servlet.support.ErrorPageFilterIntegrationTests:SKIP:NO_CHANGE
org.springframework.boot.web.servlet.support.ErrorPageFilterTests:SKIP:NO_CHANGE
org.springframework.boot.web.servlet.support.ServletContextApplicationContextInitializerTests:SKIP:NO_CHANGE
org.springframework.boot.web.servlet.support.SpringBootServletInitializerTests:EXECUTE:BYTECODE_CHANGE_IN_COVERED_CLASS
org.springframework.boot.web.servlet.view.MustacheViewResolverTests:SKIP:NO_CHANGE
org.springframework.boot.web.servlet.view.MustacheViewTests:SKIP:NO_CHANGE
org.springframework.boot.webservices.client.HttpWebServiceMessageSenderBuilderJettyClientIntegrationTests:SKIP:NO_CHANGE
org.springframework.boot.webservices.client.HttpWebServiceMessageSenderBuilderSimpleIntegrationTests:SKIP:NO_CHANGE
org.springframework.boot.webservices.client.HttpWebServiceMessageSenderBuilderTests:SKIP:NO_CHANGE
org.springframework.boot.webservices.client.WebServiceTemplateBuilderTests:SKIP:NO_CHANGE
org.springframework.boot.SpringApplicationExtensionsTests:EXECUTE:BYTECODE_CHANGE_IN_COVERED_CLASS
org.springframework.boot.context.properties.KotlinConfigurationPropertiesBeanRegistrarTests:SKIP:NO_CHANGE
org.springframework.boot.context.properties.KotlinConfigurationPropertiesTests:SKIP:NO_CHANGE
org.springframework.boot.context.properties.bind.KotlinBindableRuntimeHintsRegistrarTests:SKIP:NO_CHANGE
org.springframework.boot.context.properties.bind.KotlinConstructorParametersBinderTests:SKIP:NO_CHANGE
org.springframework.boot.context.properties.bind.KotlinDefaultBindConstructorProviderTests:SKIP:NO_CHANGE
